<?xml version="1.0" encoding="UTF-8"?>
<!-- Generated by org.testng.reporters.JUnitReportReporter -->
<testsuite skipped="0" hostname="dxpc023" name="io.hippovideo.recording.tests.HomePageTests" tests="1" failures="0" timestamp="2020-03-05T14:02:24 IST" time="13.776" errors="0">
  <testcase name="choosePlans" time="13.776" classname="io.hippovideo.recording.tests.HomePageTests"/>
  <system-out/>
</testsuite> <!-- io.hippovideo.recording.tests.HomePageTests -->
